<?xml version="1.0" encoding="UTF-8"?>
<Site BuildName="(empty)"
	BuildStamp="20241001-0140-20240916-0859"
	Name="(empty)"
	Generator="ctest-3.27.2-msvc1"
	CompilerName=""
	CompilerVersion=""
	OSName="Windows"
	Hostname="tendra"
	OSRelease=" Personal"
	OSVersion=" (Build 22631)"
	OSPlatform="AMD64"
	Is64Bits="1"
	VendorString="GenuineIntel"
	VendorID="Intel Corporation"
	FamilyID="6"
	ModelID="10"
	ProcessorCacheSize="-1"
	NumberOfLogicalCPU="12"
	NumberOfPhysicalCPU="10"
	TotalVirtualMemory="37304"
	TotalPhysicalMemory="32440"
	LogicalProcessorsPerPhysical="1"
	ProcessorClockFrequency="2496"
	>
	<Testing>
		<StartDateTime>Oct 01 09:40 Malay Peninsula Standard Time</StartDateTime>
		<StartTestTime>1727746812</StartTestTime>
		<TestList/>
		<EndDateTime>Oct 01 09:40 Malay Peninsula Standard Time</EndDateTime>
		<EndTestTime>1727746812</EndTestTime>
		<ElapsedMinutes>0</ElapsedMinutes>
	</Testing>
</Site>
